Time resolution is 1 ps
Stopped at time : 20500 ps : File "/home/SPilosio/Documents/Matrix_Multiplication_in_FPGA/VHDL/VHDL.srcs/sources_1/new/CONTROLLER.vhd" Line 207
Stopped at time : 21500 ps : File "/home/SPilosio/Documents/Matrix_Multiplication_in_FPGA/VHDL/VHDL.srcs/sources_1/new/CONTROLLER.vhd" Line 207
Stopped at time : 22500 ps : File "/home/SPilosio/Documents/Matrix_Multiplication_in_FPGA/VHDL/VHDL.srcs/sources_1/new/CONTROLLER.vhd" Line 207
Stopped at time : 23500 ps : File "/home/SPilosio/Documents/Matrix_Multiplication_in_FPGA/VHDL/VHDL.srcs/sources_1/new/CONTROLLER.vhd" Line 207
Stopped at time : 24500 ps : File "/home/SPilosio/Documents/Matrix_Multiplication_in_FPGA/VHDL/VHDL.srcs/sources_1/new/CONTROLLER.vhd" Line 207
Stopped at time : 25500 ps : File "/home/SPilosio/Documents/Matrix_Multiplication_in_FPGA/VHDL/VHDL.srcs/sources_1/new/CONTROLLER.vhd" Line 207
Stopped at time : 26500 ps : File "/home/SPilosio/Documents/Matrix_Multiplication_in_FPGA/VHDL/VHDL.srcs/sources_1/new/CONTROLLER.vhd" Line 207
Stopped at time : 27500 ps : File "/home/SPilosio/Documents/Matrix_Multiplication_in_FPGA/VHDL/VHDL.srcs/sources_1/new/CONTROLLER.vhd" Line 207
Stopped at time : 28500 ps : File "/home/SPilosio/Documents/Matrix_Multiplication_in_FPGA/VHDL/VHDL.srcs/sources_1/new/CONTROLLER.vhd" Line 207
Stopped at time : 29500 ps : File "/home/SPilosio/Documents/Matrix_Multiplication_in_FPGA/VHDL/VHDL.srcs/sources_1/new/CONTROLLER.vhd" Line 207
Stopped at time : 30500 ps : File "/home/SPilosio/Documents/Matrix_Multiplication_in_FPGA/VHDL/VHDL.srcs/sources_1/new/CONTROLLER.vhd" Line 207
Stopped at time : 31500 ps : File "/home/SPilosio/Documents/Matrix_Multiplication_in_FPGA/VHDL/VHDL.srcs/sources_1/new/CONTROLLER.vhd" Line 207
Stopped at time : 32500 ps : File "/home/SPilosio/Documents/Matrix_Multiplication_in_FPGA/VHDL/VHDL.srcs/sources_1/new/CONTROLLER.vhd" Line 207
Stopped at time : 33500 ps : File "/home/SPilosio/Documents/Matrix_Multiplication_in_FPGA/VHDL/VHDL.srcs/sources_1/new/CONTROLLER.vhd" Line 207
Stopped at time : 34500 ps : File "/home/SPilosio/Documents/Matrix_Multiplication_in_FPGA/VHDL/VHDL.srcs/sources_1/new/CONTROLLER.vhd" Line 207
Stopped at time : 35500 ps : File "/home/SPilosio/Documents/Matrix_Multiplication_in_FPGA/VHDL/VHDL.srcs/sources_1/new/CONTROLLER.vhd" Line 207
Stopped at time : 36500 ps : File "/home/SPilosio/Documents/Matrix_Multiplication_in_FPGA/VHDL/VHDL.srcs/sources_1/new/CONTROLLER.vhd" Line 207
Stopped at time : 37500 ps : File "/home/SPilosio/Documents/Matrix_Multiplication_in_FPGA/VHDL/VHDL.srcs/sources_1/new/CONTROLLER.vhd" Line 207
Stopped at time : 38500 ps : File "/home/SPilosio/Documents/Matrix_Multiplication_in_FPGA/VHDL/VHDL.srcs/sources_1/new/CONTROLLER.vhd" Line 207
Stopped at time : 39500 ps : File "/home/SPilosio/Documents/Matrix_Multiplication_in_FPGA/VHDL/VHDL.srcs/sources_1/new/CONTROLLER.vhd" Line 207
Stopped at time : 40500 ps : File "/home/SPilosio/Documents/Matrix_Multiplication_in_FPGA/VHDL/VHDL.srcs/sources_1/new/CONTROLLER.vhd" Line 207
Stopped at time : 41500 ps : File "/home/SPilosio/Documents/Matrix_Multiplication_in_FPGA/VHDL/VHDL.srcs/sources_1/new/CONTROLLER.vhd" Line 207
Stopped at time : 42500 ps : File "/home/SPilosio/Documents/Matrix_Multiplication_in_FPGA/VHDL/VHDL.srcs/sources_1/new/CONTROLLER.vhd" Line 207
Stopped at time : 43500 ps : File "/home/SPilosio/Documents/Matrix_Multiplication_in_FPGA/VHDL/VHDL.srcs/sources_1/new/CONTROLLER.vhd" Line 207
Stopped at time : 44500 ps : File "/home/SPilosio/Documents/Matrix_Multiplication_in_FPGA/VHDL/VHDL.srcs/sources_1/new/CONTROLLER.vhd" Line 207
Stopped at time : 45500 ps : File "/home/SPilosio/Documents/Matrix_Multiplication_in_FPGA/VHDL/VHDL.srcs/sources_1/new/CONTROLLER.vhd" Line 207
Stopped at time : 46500 ps : File "/home/SPilosio/Documents/Matrix_Multiplication_in_FPGA/VHDL/VHDL.srcs/sources_1/new/CONTROLLER.vhd" Line 207
Stopped at time : 47500 ps : File "/home/SPilosio/Documents/Matrix_Multiplication_in_FPGA/VHDL/VHDL.srcs/sources_1/new/CONTROLLER.vhd" Line 207
Stopped at time : 48500 ps : File "/home/SPilosio/Documents/Matrix_Multiplication_in_FPGA/VHDL/VHDL.srcs/sources_1/new/CONTROLLER.vhd" Line 207
Stopped at time : 49500 ps : File "/home/SPilosio/Documents/Matrix_Multiplication_in_FPGA/VHDL/VHDL.srcs/sources_1/new/CONTROLLER.vhd" Line 207
Stopped at time : 50500 ps : File "/home/SPilosio/Documents/Matrix_Multiplication_in_FPGA/VHDL/VHDL.srcs/sources_1/new/CONTROLLER.vhd" Line 207
Stopped at time : 51500 ps : File "/home/SPilosio/Documents/Matrix_Multiplication_in_FPGA/VHDL/VHDL.srcs/sources_1/new/CONTROLLER.vhd" Line 207
Stopped at time : 52500 ps : File "/home/SPilosio/Documents/Matrix_Multiplication_in_FPGA/VHDL/VHDL.srcs/sources_1/new/CONTROLLER.vhd" Line 207
Stopped at time : 53500 ps : File "/home/SPilosio/Documents/Matrix_Multiplication_in_FPGA/VHDL/VHDL.srcs/sources_1/new/CONTROLLER.vhd" Line 207
Stopped at time : 54500 ps : File "/home/SPilosio/Documents/Matrix_Multiplication_in_FPGA/VHDL/VHDL.srcs/sources_1/new/CONTROLLER.vhd" Line 207
Stopped at time : 55500 ps : File "/home/SPilosio/Documents/Matrix_Multiplication_in_FPGA/VHDL/VHDL.srcs/sources_1/new/CONTROLLER.vhd" Line 207
Stopped at time : 56500 ps : File "/home/SPilosio/Documents/Matrix_Multiplication_in_FPGA/VHDL/VHDL.srcs/sources_1/new/CONTROLLER.vhd" Line 207
Stopped at time : 57500 ps : File "/home/SPilosio/Documents/Matrix_Multiplication_in_FPGA/VHDL/VHDL.srcs/sources_1/new/CONTROLLER.vhd" Line 207
Stopped at time : 58500 ps : File "/home/SPilosio/Documents/Matrix_Multiplication_in_FPGA/VHDL/VHDL.srcs/sources_1/new/CONTROLLER.vhd" Line 207
Stopped at time : 59500 ps : File "/home/SPilosio/Documents/Matrix_Multiplication_in_FPGA/VHDL/VHDL.srcs/sources_1/new/CONTROLLER.vhd" Line 207
Stopped at time : 60500 ps : File "/home/SPilosio/Documents/Matrix_Multiplication_in_FPGA/VHDL/VHDL.srcs/sources_1/new/CONTROLLER.vhd" Line 207
Stopped at time : 61500 ps : File "/home/SPilosio/Documents/Matrix_Multiplication_in_FPGA/VHDL/VHDL.srcs/sources_1/new/CONTROLLER.vhd" Line 207
Stopped at time : 62500 ps : File "/home/SPilosio/Documents/Matrix_Multiplication_in_FPGA/VHDL/VHDL.srcs/sources_1/new/CONTROLLER.vhd" Line 207
Stopped at time : 63500 ps : File "/home/SPilosio/Documents/Matrix_Multiplication_in_FPGA/VHDL/VHDL.srcs/sources_1/new/CONTROLLER.vhd" Line 207
Stopped at time : 64500 ps : File "/home/SPilosio/Documents/Matrix_Multiplication_in_FPGA/VHDL/VHDL.srcs/sources_1/new/CONTROLLER.vhd" Line 207
Stopped at time : 65500 ps : File "/home/SPilosio/Documents/Matrix_Multiplication_in_FPGA/VHDL/VHDL.srcs/sources_1/new/CONTROLLER.vhd" Line 207
Stopped at time : 66500 ps : File "/home/SPilosio/Documents/Matrix_Multiplication_in_FPGA/VHDL/VHDL.srcs/sources_1/new/CONTROLLER.vhd" Line 207
Stopped at time : 67500 ps : File "/home/SPilosio/Documents/Matrix_Multiplication_in_FPGA/VHDL/VHDL.srcs/sources_1/new/CONTROLLER.vhd" Line 207
Stopped at time : 68500 ps : File "/home/SPilosio/Documents/Matrix_Multiplication_in_FPGA/VHDL/VHDL.srcs/sources_1/new/CONTROLLER.vhd" Line 207
Stopped at time : 69500 ps : File "/home/SPilosio/Documents/Matrix_Multiplication_in_FPGA/VHDL/VHDL.srcs/sources_1/new/CONTROLLER.vhd" Line 207
Stopped at time : 70500 ps : File "/home/SPilosio/Documents/Matrix_Multiplication_in_FPGA/VHDL/VHDL.srcs/sources_1/new/CONTROLLER.vhd" Line 207
Stopped at time : 71500 ps : File "/home/SPilosio/Documents/Matrix_Multiplication_in_FPGA/VHDL/VHDL.srcs/sources_1/new/CONTROLLER.vhd" Line 207
Stopped at time : 72500 ps : File "/home/SPilosio/Documents/Matrix_Multiplication_in_FPGA/VHDL/VHDL.srcs/sources_1/new/CONTROLLER.vhd" Line 207
Stopped at time : 73500 ps : File "/home/SPilosio/Documents/Matrix_Multiplication_in_FPGA/VHDL/VHDL.srcs/sources_1/new/CONTROLLER.vhd" Line 207
Stopped at time : 74500 ps : File "/home/SPilosio/Documents/Matrix_Multiplication_in_FPGA/VHDL/VHDL.srcs/sources_1/new/CONTROLLER.vhd" Line 207
Stopped at time : 75500 ps : File "/home/SPilosio/Documents/Matrix_Multiplication_in_FPGA/VHDL/VHDL.srcs/sources_1/new/CONTROLLER.vhd" Line 207
Stopped at time : 76500 ps : File "/home/SPilosio/Documents/Matrix_Multiplication_in_FPGA/VHDL/VHDL.srcs/sources_1/new/CONTROLLER.vhd" Line 207
Stopped at time : 77500 ps : File "/home/SPilosio/Documents/Matrix_Multiplication_in_FPGA/VHDL/VHDL.srcs/sources_1/new/CONTROLLER.vhd" Line 207
Stopped at time : 78500 ps : File "/home/SPilosio/Documents/Matrix_Multiplication_in_FPGA/VHDL/VHDL.srcs/sources_1/new/CONTROLLER.vhd" Line 207
Stopped at time : 79500 ps : File "/home/SPilosio/Documents/Matrix_Multiplication_in_FPGA/VHDL/VHDL.srcs/sources_1/new/CONTROLLER.vhd" Line 207
Stopped at time : 80500 ps : File "/home/SPilosio/Documents/Matrix_Multiplication_in_FPGA/VHDL/VHDL.srcs/sources_1/new/CONTROLLER.vhd" Line 207
Stopped at time : 81500 ps : File "/home/SPilosio/Documents/Matrix_Multiplication_in_FPGA/VHDL/VHDL.srcs/sources_1/new/CONTROLLER.vhd" Line 207
Stopped at time : 82500 ps : File "/home/SPilosio/Documents/Matrix_Multiplication_in_FPGA/VHDL/VHDL.srcs/sources_1/new/CONTROLLER.vhd" Line 207
Stopped at time : 83500 ps : File "/home/SPilosio/Documents/Matrix_Multiplication_in_FPGA/VHDL/VHDL.srcs/sources_1/new/CONTROLLER.vhd" Line 207
Stopped at time : 84500 ps : File "/home/SPilosio/Documents/Matrix_Multiplication_in_FPGA/VHDL/VHDL.srcs/sources_1/new/CONTROLLER.vhd" Line 207
Stopped at time : 85500 ps : File "/home/SPilosio/Documents/Matrix_Multiplication_in_FPGA/VHDL/VHDL.srcs/sources_1/new/CONTROLLER.vhd" Line 207
Stopped at time : 86500 ps : File "/home/SPilosio/Documents/Matrix_Multiplication_in_FPGA/VHDL/VHDL.srcs/sources_1/new/CONTROLLER.vhd" Line 207
Stopped at time : 87500 ps : File "/home/SPilosio/Documents/Matrix_Multiplication_in_FPGA/VHDL/VHDL.srcs/sources_1/new/CONTROLLER.vhd" Line 207
Stopped at time : 88500 ps : File "/home/SPilosio/Documents/Matrix_Multiplication_in_FPGA/VHDL/VHDL.srcs/sources_1/new/CONTROLLER.vhd" Line 207
Stopped at time : 89500 ps : File "/home/SPilosio/Documents/Matrix_Multiplication_in_FPGA/VHDL/VHDL.srcs/sources_1/new/CONTROLLER.vhd" Line 207
Stopped at time : 90500 ps : File "/home/SPilosio/Documents/Matrix_Multiplication_in_FPGA/VHDL/VHDL.srcs/sources_1/new/CONTROLLER.vhd" Line 207
Stopped at time : 91500 ps : File "/home/SPilosio/Documents/Matrix_Multiplication_in_FPGA/VHDL/VHDL.srcs/sources_1/new/CONTROLLER.vhd" Line 142
Stopped at time : 91500 ps : File "/home/SPilosio/Documents/Matrix_Multiplication_in_FPGA/VHDL/VHDL.srcs/sources_1/new/CONTROLLER.vhd" Line 207
Stopped at time : 91500 ps : File "/home/SPilosio/Documents/Matrix_Multiplication_in_FPGA/VHDL/VHDL.srcs/sources_1/new/CONTROLLER.vhd" Line 209
Stopped at time : 91500 ps : File "/home/SPilosio/Documents/Matrix_Multiplication_in_FPGA/VHDL/VHDL.srcs/sources_1/new/CONTROLLER.vhd" Line 225
Stopped at time : 91500 ps : File "/home/SPilosio/Documents/Matrix_Multiplication_in_FPGA/VHDL/VHDL.srcs/sources_1/new/CONTROLLER.vhd" Line 259
Stopped at time : 91500 ps : File "/home/SPilosio/Documents/Matrix_Multiplication_in_FPGA/VHDL/VHDL.srcs/sources_1/new/CONTROLLER.vhd" Line 265
Stopped at time : 91500 ps : File "/home/SPilosio/Documents/Matrix_Multiplication_in_FPGA/VHDL/VHDL.srcs/sources_1/new/CONTROLLER.vhd" Line 266
Stopped at time : 91500 ps : File "/home/SPilosio/Documents/Matrix_Multiplication_in_FPGA/VHDL/VHDL.srcs/sources_1/new/CONTROLLER.vhd" Line 268
Stopped at time : 91500 ps : File "/home/SPilosio/Documents/Matrix_Multiplication_in_FPGA/VHDL/VHDL.srcs/sources_1/new/CONTROLLER.vhd" Line 282
Stopped at time : 91500 ps : File "/home/SPilosio/Documents/Matrix_Multiplication_in_FPGA/VHDL/VHDL.srcs/sim_1/new/TB_CONTROLLER.vhd" Line 159
Stopped at time : 91500 ps : File "/home/SPilosio/Documents/Matrix_Multiplication_in_FPGA/VHDL/VHDL.srcs/sim_1/new/TB_CONTROLLER.vhd" Line 164
Stopped at time : 91500 ps : File "/home/SPilosio/Documents/Matrix_Multiplication_in_FPGA/VHDL/VHDL.srcs/sim_1/new/TB_CONTROLLER.vhd" Line 165
Stopped at time : 91500 ps : File "/home/SPilosio/Documents/Matrix_Multiplication_in_FPGA/VHDL/VHDL.srcs/sim_1/new/TB_CONTROLLER.vhd" Line 170
Stopped at time : 91500 ps : File "/home/SPilosio/Documents/Matrix_Multiplication_in_FPGA/VHDL/VHDL.srcs/sim_1/new/TB_CONTROLLER.vhd" Line 174
Stopped at time : 91500 ps : File "/home/SPilosio/Documents/Matrix_Multiplication_in_FPGA/VHDL/VHDL.srcs/sim_1/new/TB_CONTROLLER.vhd" Line 178
Stopped at time : 91500 ps : File "/home/SPilosio/Documents/Matrix_Multiplication_in_FPGA/VHDL/VHDL.srcs/sim_1/new/TB_CONTROLLER.vhd" Line 182
Stopped at time : 91500 ps : File "/home/SPilosio/Documents/Matrix_Multiplication_in_FPGA/VHDL/VHDL.srcs/sim_1/new/TB_CONTROLLER.vhd" Line 190
Stopped at time : 91500 ps : File "/home/SPilosio/Documents/Matrix_Multiplication_in_FPGA/VHDL/VHDL.srcs/sim_1/new/TB_CONTROLLER.vhd" Line 207
Stopped at time : 91500 ps : File "/home/SPilosio/Documents/Matrix_Multiplication_in_FPGA/VHDL/VHDL.srcs/sim_1/new/TB_CONTROLLER.vhd" Line 212
Stopped at time : 91500 ps : File "/home/SPilosio/Documents/Matrix_Multiplication_in_FPGA/VHDL/VHDL.srcs/sim_1/new/TB_CONTROLLER.vhd" Line 213
Stopped at time : 91500 ps : File "/home/SPilosio/Documents/Matrix_Multiplication_in_FPGA/VHDL/VHDL.srcs/sim_1/new/TB_CONTROLLER.vhd" Line 218
Stopped at time : 91500 ps : File "/home/SPilosio/Documents/Matrix_Multiplication_in_FPGA/VHDL/VHDL.srcs/sim_1/new/TB_CONTROLLER.vhd" Line 222
Stopped at time : 91500 ps : File "/home/SPilosio/Documents/Matrix_Multiplication_in_FPGA/VHDL/VHDL.srcs/sim_1/new/TB_CONTROLLER.vhd" Line 226
Stopped at time : 91500 ps : File "/home/SPilosio/Documents/Matrix_Multiplication_in_FPGA/VHDL/VHDL.srcs/sim_1/new/TB_CONTROLLER.vhd" Line 230
Stopped at time : 91500 ps : File "/home/SPilosio/Documents/Matrix_Multiplication_in_FPGA/VHDL/VHDL.srcs/sim_1/new/TB_CONTROLLER.vhd" Line 238
Stopped at time : 91500 ps : File "/home/SPilosio/Documents/Matrix_Multiplication_in_FPGA/VHDL/VHDL.srcs/sim_1/new/TB_CONTROLLER.vhd" Line 256
Stopped at time : 91500 ps : File "/home/SPilosio/Documents/Matrix_Multiplication_in_FPGA/VHDL/VHDL.srcs/sim_1/new/TB_CONTROLLER.vhd" Line 259
Stopped at time : 91500 ps : File "/home/SPilosio/Documents/Matrix_Multiplication_in_FPGA/VHDL/VHDL.srcs/sim_1/new/TB_CONTROLLER.vhd" Line 260
Stopped at time : 91500 ps : File "/home/SPilosio/Documents/Matrix_Multiplication_in_FPGA/VHDL/VHDL.srcs/sim_1/new/TB_CONTROLLER.vhd" Line 264
Stopped at time : 91500 ps : File "/home/SPilosio/Documents/Matrix_Multiplication_in_FPGA/VHDL/VHDL.srcs/sim_1/new/TB_CONTROLLER.vhd" Line 268
Stopped at time : 91500 ps : File "/home/SPilosio/Documents/Matrix_Multiplication_in_FPGA/VHDL/VHDL.srcs/sim_1/new/TB_CONTROLLER.vhd" Line 272
Stopped at time : 91500 ps : File "/home/SPilosio/Documents/Matrix_Multiplication_in_FPGA/VHDL/VHDL.srcs/sim_1/new/TB_CONTROLLER.vhd" Line 286
Stopped at time : 91500 ps : File "/home/SPilosio/Documents/Matrix_Multiplication_in_FPGA/VHDL/VHDL.srcs/sim_1/new/TB_CONTROLLER.vhd" Line 289
Stopped at time : 91500 ps : File "/home/SPilosio/Documents/Matrix_Multiplication_in_FPGA/VHDL/VHDL.srcs/sim_1/new/TB_CONTROLLER.vhd" Line 290
Stopped at time : 91500 ps : File "/home/SPilosio/Documents/Matrix_Multiplication_in_FPGA/VHDL/VHDL.srcs/sim_1/new/TB_CONTROLLER.vhd" Line 294
Stopped at time : 91500 ps : File "/home/SPilosio/Documents/Matrix_Multiplication_in_FPGA/VHDL/VHDL.srcs/sim_1/new/TB_CONTROLLER.vhd" Line 298
Stopped at time : 91500 ps : File "/home/SPilosio/Documents/Matrix_Multiplication_in_FPGA/VHDL/VHDL.srcs/sim_1/new/TB_CONTROLLER.vhd" Line 302
Stopped at time : 91500 ps : File "/home/SPilosio/Documents/Matrix_Multiplication_in_FPGA/VHDL/VHDL.srcs/sim_1/new/TB_CONTROLLER.vhd" Line 378
Stopped at time : 91500 ps : File "/home/SPilosio/Documents/Matrix_Multiplication_in_FPGA/VHDL/VHDL.srcs/sim_1/new/TB_CONTROLLER.vhd" Line 380
Stopped at time : 91500 ps : File "/home/SPilosio/Documents/Matrix_Multiplication_in_FPGA/VHDL/VHDL.srcs/sim_1/new/TB_CONTROLLER.vhd" Line 385
Stopped at time : 91500 ps : File "/home/SPilosio/Documents/Matrix_Multiplication_in_FPGA/VHDL/VHDL.srcs/sim_1/new/TB_CONTROLLER.vhd" Line 390
Stopped at time : 91500 ps : File "/home/SPilosio/Documents/Matrix_Multiplication_in_FPGA/VHDL/VHDL.srcs/sim_1/new/TB_CONTROLLER.vhd" Line 394
Stopped at time : 92 ns : File "/home/SPilosio/Documents/Matrix_Multiplication_in_FPGA/VHDL/VHDL.srcs/sim_1/new/TB_CONTROLLER.vhd" Line 148
Stopped at time : 92 ns : File "/home/SPilosio/Documents/Matrix_Multiplication_in_FPGA/VHDL/VHDL.srcs/sim_1/new/TB_CONTROLLER.vhd" Line 149
Stopped at time : 92 ns : File "/home/SPilosio/Documents/Matrix_Multiplication_in_FPGA/VHDL/VHDL.srcs/sources_1/new/CONTROLLER.vhd" Line 107
Stopped at time : 92 ns : File "/home/SPilosio/Documents/Matrix_Multiplication_in_FPGA/VHDL/VHDL.srcs/sources_1/new/CONTROLLER.vhd" Line 118
Stopped at time : 92 ns : File "/home/SPilosio/Documents/Matrix_Multiplication_in_FPGA/VHDL/VHDL.srcs/sources_1/new/CONTROLLER.vhd" Line 200
Stopped at time : 92 ns : File "/home/SPilosio/Documents/Matrix_Multiplication_in_FPGA/VHDL/VHDL.srcs/sources_1/new/CONTROLLER.vhd" Line 206
Stopped at time : 92 ns : File "/home/SPilosio/Documents/Matrix_Multiplication_in_FPGA/VHDL/VHDL.srcs/sources_1/new/CONTROLLER.vhd" Line 259
Stopped at time : 92 ns : File "/home/SPilosio/Documents/Matrix_Multiplication_in_FPGA/VHDL/VHDL.srcs/sources_1/new/CONTROLLER.vhd" Line 265
Stopped at time : 92 ns : File "/home/SPilosio/Documents/Matrix_Multiplication_in_FPGA/VHDL/VHDL.srcs/sim_1/new/TB_CONTROLLER.vhd" Line 159
Stopped at time : 92 ns : File "/home/SPilosio/Documents/Matrix_Multiplication_in_FPGA/VHDL/VHDL.srcs/sim_1/new/TB_CONTROLLER.vhd" Line 164
Stopped at time : 92 ns : File "/home/SPilosio/Documents/Matrix_Multiplication_in_FPGA/VHDL/VHDL.srcs/sim_1/new/TB_CONTROLLER.vhd" Line 207
Stopped at time : 92 ns : File "/home/SPilosio/Documents/Matrix_Multiplication_in_FPGA/VHDL/VHDL.srcs/sim_1/new/TB_CONTROLLER.vhd" Line 212
Stopped at time : 92 ns : File "/home/SPilosio/Documents/Matrix_Multiplication_in_FPGA/VHDL/VHDL.srcs/sim_1/new/TB_CONTROLLER.vhd" Line 256
Stopped at time : 92 ns : File "/home/SPilosio/Documents/Matrix_Multiplication_in_FPGA/VHDL/VHDL.srcs/sim_1/new/TB_CONTROLLER.vhd" Line 259
Stopped at time : 92 ns : File "/home/SPilosio/Documents/Matrix_Multiplication_in_FPGA/VHDL/VHDL.srcs/sim_1/new/TB_CONTROLLER.vhd" Line 286
Stopped at time : 92 ns : File "/home/SPilosio/Documents/Matrix_Multiplication_in_FPGA/VHDL/VHDL.srcs/sim_1/new/TB_CONTROLLER.vhd" Line 289
Stopped at time : 92 ns : File "/home/SPilosio/Documents/Matrix_Multiplication_in_FPGA/VHDL/VHDL.srcs/sim_1/new/TB_CONTROLLER.vhd" Line 378
Stopped at time : 92500 ps : File "/home/SPilosio/Documents/Matrix_Multiplication_in_FPGA/VHDL/VHDL.srcs/sim_1/new/TB_CONTROLLER.vhd" Line 150
Stopped at time : 92500 ps : File "/home/SPilosio/Documents/Matrix_Multiplication_in_FPGA/VHDL/VHDL.srcs/sim_1/new/TB_CONTROLLER.vhd" Line 151
Stopped at time : 92500 ps : File "/home/SPilosio/Documents/Matrix_Multiplication_in_FPGA/VHDL/VHDL.srcs/sources_1/new/CONTROLLER.vhd" Line 107
Stopped at time : 92500 ps : File "/home/SPilosio/Documents/Matrix_Multiplication_in_FPGA/VHDL/VHDL.srcs/sources_1/new/CONTROLLER.vhd" Line 142
Stopped at time : 92500 ps : File "/home/SPilosio/Documents/Matrix_Multiplication_in_FPGA/VHDL/VHDL.srcs/sources_1/new/CONTROLLER.vhd" Line 207
Stopped at time : 93500 ps : File "/home/SPilosio/Documents/Matrix_Multiplication_in_FPGA/VHDL/VHDL.srcs/sources_1/new/CONTROLLER.vhd" Line 142
Stopped at time : 93500 ps : File "/home/SPilosio/Documents/Matrix_Multiplication_in_FPGA/VHDL/VHDL.srcs/sources_1/new/CONTROLLER.vhd" Line 144
Stopped at time : 93500 ps : File "/home/SPilosio/Documents/Matrix_Multiplication_in_FPGA/VHDL/VHDL.srcs/sources_1/new/CONTROLLER.vhd" Line 207
Note: Multiplier A started: ROW=0 COL=0
Time: 93500 ps  Iteration: 1  Process: /TB_CONTROLLER/monitor  File: /home/SPilosio/Documents/Matrix_Multiplication_in_FPGA/VHDL/VHDL.srcs/sim_1/new/TB_CONTROLLER.vhd
Stopped at time : 94500 ps : File "/home/SPilosio/Documents/Matrix_Multiplication_in_FPGA/VHDL/VHDL.srcs/sources_1/new/CONTROLLER.vhd" Line 144
Stopped at time : 94500 ps : File "/home/SPilosio/Documents/Matrix_Multiplication_in_FPGA/VHDL/VHDL.srcs/sources_1/new/CONTROLLER.vhd" Line 207
Stopped at time : 95500 ps : File "/home/SPilosio/Documents/Matrix_Multiplication_in_FPGA/VHDL/VHDL.srcs/sources_1/new/CONTROLLER.vhd" Line 144
Stopped at time : 95500 ps : File "/home/SPilosio/Documents/Matrix_Multiplication_in_FPGA/VHDL/VHDL.srcs/sources_1/new/CONTROLLER.vhd" Line 207
Stopped at time : 96500 ps : File "/home/SPilosio/Documents/Matrix_Multiplication_in_FPGA/VHDL/VHDL.srcs/sources_1/new/CONTROLLER.vhd" Line 144
Stopped at time : 96500 ps : File "/home/SPilosio/Documents/Matrix_Multiplication_in_FPGA/VHDL/VHDL.srcs/sources_1/new/CONTROLLER.vhd" Line 207
Stopped at time : 97500 ps : File "/home/SPilosio/Documents/Matrix_Multiplication_in_FPGA/VHDL/VHDL.srcs/sources_1/new/CONTROLLER.vhd" Line 144
Stopped at time : 97500 ps : File "/home/SPilosio/Documents/Matrix_Multiplication_in_FPGA/VHDL/VHDL.srcs/sources_1/new/CONTROLLER.vhd" Line 207
Stopped at time : 98500 ps : File "/home/SPilosio/Documents/Matrix_Multiplication_in_FPGA/VHDL/VHDL.srcs/sources_1/new/CONTROLLER.vhd" Line 144
Stopped at time : 98500 ps : File "/home/SPilosio/Documents/Matrix_Multiplication_in_FPGA/VHDL/VHDL.srcs/sources_1/new/CONTROLLER.vhd" Line 207
Stopped at time : 99500 ps : File "/home/SPilosio/Documents/Matrix_Multiplication_in_FPGA/VHDL/VHDL.srcs/sources_1/new/CONTROLLER.vhd" Line 144
Stopped at time : 99500 ps : File "/home/SPilosio/Documents/Matrix_Multiplication_in_FPGA/VHDL/VHDL.srcs/sources_1/new/CONTROLLER.vhd" Line 207
Stopped at time : 100500 ps : File "/home/SPilosio/Documents/Matrix_Multiplication_in_FPGA/VHDL/VHDL.srcs/sources_1/new/CONTROLLER.vhd" Line 144
Stopped at time : 100500 ps : File "/home/SPilosio/Documents/Matrix_Multiplication_in_FPGA/VHDL/VHDL.srcs/sources_1/new/CONTROLLER.vhd" Line 207
Stopped at time : 101500 ps : File "/home/SPilosio/Documents/Matrix_Multiplication_in_FPGA/VHDL/VHDL.srcs/sources_1/new/CONTROLLER.vhd" Line 144
Stopped at time : 101500 ps : File "/home/SPilosio/Documents/Matrix_Multiplication_in_FPGA/VHDL/VHDL.srcs/sources_1/new/CONTROLLER.vhd" Line 207
Stopped at time : 102500 ps : File "/home/SPilosio/Documents/Matrix_Multiplication_in_FPGA/VHDL/VHDL.srcs/sources_1/new/CONTROLLER.vhd" Line 144
Stopped at time : 102500 ps : File "/home/SPilosio/Documents/Matrix_Multiplication_in_FPGA/VHDL/VHDL.srcs/sources_1/new/CONTROLLER.vhd" Line 207
Stopped at time : 103500 ps : File "/home/SPilosio/Documents/Matrix_Multiplication_in_FPGA/VHDL/VHDL.srcs/sources_1/new/CONTROLLER.vhd" Line 144
Stopped at time : 103500 ps : File "/home/SPilosio/Documents/Matrix_Multiplication_in_FPGA/VHDL/VHDL.srcs/sources_1/new/CONTROLLER.vhd" Line 207
Stopped at time : 104500 ps : File "/home/SPilosio/Documents/Matrix_Multiplication_in_FPGA/VHDL/VHDL.srcs/sources_1/new/CONTROLLER.vhd" Line 144
Stopped at time : 104500 ps : File "/home/SPilosio/Documents/Matrix_Multiplication_in_FPGA/VHDL/VHDL.srcs/sources_1/new/CONTROLLER.vhd" Line 207
Stopped at time : 105500 ps : File "/home/SPilosio/Documents/Matrix_Multiplication_in_FPGA/VHDL/VHDL.srcs/sources_1/new/CONTROLLER.vhd" Line 144
Stopped at time : 105500 ps : File "/home/SPilosio/Documents/Matrix_Multiplication_in_FPGA/VHDL/VHDL.srcs/sources_1/new/CONTROLLER.vhd" Line 207
Stopped at time : 106500 ps : File "/home/SPilosio/Documents/Matrix_Multiplication_in_FPGA/VHDL/VHDL.srcs/sources_1/new/CONTROLLER.vhd" Line 144
Stopped at time : 106500 ps : File "/home/SPilosio/Documents/Matrix_Multiplication_in_FPGA/VHDL/VHDL.srcs/sources_1/new/CONTROLLER.vhd" Line 207
Stopped at time : 107500 ps : File "/home/SPilosio/Documents/Matrix_Multiplication_in_FPGA/VHDL/VHDL.srcs/sources_1/new/CONTROLLER.vhd" Line 144
Stopped at time : 107500 ps : File "/home/SPilosio/Documents/Matrix_Multiplication_in_FPGA/VHDL/VHDL.srcs/sources_1/new/CONTROLLER.vhd" Line 207
Stopped at time : 108500 ps : File "/home/SPilosio/Documents/Matrix_Multiplication_in_FPGA/VHDL/VHDL.srcs/sources_1/new/CONTROLLER.vhd" Line 144
Stopped at time : 108500 ps : File "/home/SPilosio/Documents/Matrix_Multiplication_in_FPGA/VHDL/VHDL.srcs/sources_1/new/CONTROLLER.vhd" Line 207
Stopped at time : 109500 ps : File "/home/SPilosio/Documents/Matrix_Multiplication_in_FPGA/VHDL/VHDL.srcs/sources_1/new/CONTROLLER.vhd" Line 144
Stopped at time : 109500 ps : File "/home/SPilosio/Documents/Matrix_Multiplication_in_FPGA/VHDL/VHDL.srcs/sources_1/new/CONTROLLER.vhd" Line 207
Stopped at time : 110500 ps : File "/home/SPilosio/Documents/Matrix_Multiplication_in_FPGA/VHDL/VHDL.srcs/sources_1/new/CONTROLLER.vhd" Line 144
Stopped at time : 110500 ps : File "/home/SPilosio/Documents/Matrix_Multiplication_in_FPGA/VHDL/VHDL.srcs/sources_1/new/CONTROLLER.vhd" Line 207
Stopped at time : 111500 ps : File "/home/SPilosio/Documents/Matrix_Multiplication_in_FPGA/VHDL/VHDL.srcs/sources_1/new/CONTROLLER.vhd" Line 144
Stopped at time : 111500 ps : File "/home/SPilosio/Documents/Matrix_Multiplication_in_FPGA/VHDL/VHDL.srcs/sources_1/new/CONTROLLER.vhd" Line 207
Stopped at time : 112500 ps : File "/home/SPilosio/Documents/Matrix_Multiplication_in_FPGA/VHDL/VHDL.srcs/sources_1/new/CONTROLLER.vhd" Line 144
Stopped at time : 112500 ps : File "/home/SPilosio/Documents/Matrix_Multiplication_in_FPGA/VHDL/VHDL.srcs/sources_1/new/CONTROLLER.vhd" Line 207
Stopped at time : 113500 ps : File "/home/SPilosio/Documents/Matrix_Multiplication_in_FPGA/VHDL/VHDL.srcs/sources_1/new/CONTROLLER.vhd" Line 144
Stopped at time : 113500 ps : File "/home/SPilosio/Documents/Matrix_Multiplication_in_FPGA/VHDL/VHDL.srcs/sources_1/new/CONTROLLER.vhd" Line 207
Stopped at time : 114500 ps : File "/home/SPilosio/Documents/Matrix_Multiplication_in_FPGA/VHDL/VHDL.srcs/sources_1/new/CONTROLLER.vhd" Line 144
INFO: xsimkernel Simulation Memory Usage: 492348 KB (Peak: 541680 KB), Simulation CPU Usage: 760 ms
